<?xml version="1.0" encoding="UTF-8"?>
<testng-results ignored="0" total="1" passed="1" failed="0" skipped="0">
  <reporter-output>
  </reporter-output>
  <suite started-at="2024-02-12T10:54:36 IST" name="Default suite" finished-at="2024-02-12T10:55:28 IST" duration-ms="52791">
    <groups>
    </groups>
    <test started-at="2024-02-12T10:54:36 IST" name="Default test" finished-at="2024-02-12T10:55:28 IST" duration-ms="52791">
      <class name="TestPages.Test_DashboardPage">
        <test-method is-config="true" signature="OpenBrowser()[pri:0, instance:TestPages.Test_DashboardPage@53aac487]" started-at="2024-02-12T10:54:36 IST" name="OpenBrowser" finished-at="2024-02-12T10:55:02 IST" duration-ms="26704" status="PASS">
          <reporter-output>
          </reporter-output>
        </test-method> <!-- OpenBrowser -->
        <test-method signature="TestDashboard()[pri:0, instance:TestPages.Test_DashboardPage@53aac487]" started-at="2024-02-12T10:55:02 IST" name="TestDashboard" finished-at="2024-02-12T10:55:24 IST" duration-ms="21531" status="PASS">
          <reporter-output>
          </reporter-output>
        </test-method> <!-- TestDashboard -->
        <test-method is-config="true" signature="closeBrowser()[pri:0, instance:TestPages.Test_DashboardPage@53aac487]" started-at="2024-02-12T10:55:24 IST" name="closeBrowser" finished-at="2024-02-12T10:55:28 IST" duration-ms="4452" status="PASS">
          <reporter-output>
          </reporter-output>
        </test-method> <!-- closeBrowser -->
      </class> <!-- TestPages.Test_DashboardPage -->
    </test> <!-- Default test -->
  </suite> <!-- Default suite -->
</testng-results>
